<?xml version="1.0" encoding="UTF-8"?>
<Site BuildName="Linux-c++"
	BuildStamp="20210319-1158-Experimental"
	Name="manjaro"
	Generator="ctest-3.19.6"
	CompilerName="/bin/c++"
	CompilerVersion="10.2.0"
	OSName="Linux"
	Hostname="manjaro"
	OSRelease="5.9.16-1-MANJARO"
	OSVersion="#1 SMP PREEMPT Mon Dec 21 22:00:46 UTC 2020"
	OSPlatform="x86_64"
	Is64Bits="1"
	VendorString="GenuineIntel"
	VendorID="Intel Corporation"
	FamilyID="6"
	ModelID="158"
	ProcessorCacheSize="6144"
	NumberOfLogicalCPU="4"
	NumberOfPhysicalCPU="4"
	TotalVirtualMemory="7999"
	TotalPhysicalMemory="7901"
	LogicalProcessorsPerPhysical="1"
	ProcessorClockFrequency="1395.99"
	>
	<Testing>
		<StartDateTime>Mar 19 14:58 MSK</StartDateTime>
		<StartTestTime>1616155099</StartTestTime>
		<TestList/>
		<EndDateTime>Mar 19 14:58 MSK</EndDateTime>
		<EndTestTime>1616155099</EndTestTime>
		<ElapsedMinutes>0</ElapsedMinutes>
	</Testing>
</Site>
